0 silly argv {
0 silly argv   _: [ 'run' ],
0 silly argv   stream: true,
0 silly argv   lernaVersion: '5.6.2',
0 silly argv   '$0': 'node_modules\\lerna\\cli.js',
0 silly argv   script: 'start'
0 silly argv }
1 notice cli v5.6.2
2 verbose rootPath D:\Full Stack WD\JCWD2204\jcwd220404
3 error JSONError: Unexpected token "<" (0x3C) in JSON at position 302 while parsing near "... \"dependencies\": {\r\n<<<<<<< HEAD\r\n    \"a..." in projects\server\package.json
3 error
3 error [0m [90m 13 |[39m   }[33m,[39m[0m
3 error [0m [90m 14 |[39m   [32m"dependencies"[39m[33m:[39m {[0m
3 error [0m[31m[1m>[22m[39m[90m 15 |[39m [33m<<[39m[33m<<[39m[33m<<[39m[33m<[39m [33mHEAD[39m[0m
3 error [0m [90m    |[39m [31m[1m^[22m[39m[0m
3 error [0m [90m 16 |[39m     [32m"axios"[39m[33m:[39m [32m"^1.2.2"[39m[33m,[39m[0m
3 error [0m [90m 17 |[39m [33m===[39m[33m===[39m[33m=[39m[0m
3 error [0m [90m 18 |[39m     [32m"axios"[39m[33m:[39m [32m"^1.2.1"[39m[33m,[39m[0m
3 error
3 error     at parseJson (D:\Full Stack WD\JCWD2204\jcwd220404\node_modules\parse-json\index.js:29:21)
3 error     at parse (D:\Full Stack WD\JCWD2204\jcwd220404\node_modules\load-json-file\index.js:15:9)
3 error     at module.exports (D:\Full Stack WD\JCWD2204\jcwd220404\node_modules\load-json-file\index.js:18:47)
